
             SystemC 2.2.0 --- Nov 20 2016 16:31:03
        Copyright (c) 1996-2006 by all Contributors
                    ALL RIGHTS RESERVED
delta: 0.31
routing_algo: 3
update timer time is 99999.4
start to command 1: 
hotspot -c hotspot.config -f noc_8_8.flp -p NOC_8_8.ptrace -steady_file NOC_8_8.steady -model_type grid
Unit	Steady(Kelvin)
P_0_0	325.98
P_0_1	326.56
P_0_2	327.07
P_0_3	327.29
P_0_4	327.28
P_0_5	327.02
P_0_6	326.64
P_0_7	326.00
P_1_0	326.63
P_1_1	327.35
P_1_2	327.97
P_1_3	328.24
P_1_4	328.23
P_1_5	327.89
P_1_6	327.45
P_1_7	326.67
P_2_0	327.06
P_2_1	327.87
P_2_2	328.56
P_2_3	328.86
P_2_4	328.85
P_2_5	328.49
P_2_6	327.98
P_2_7	327.09
P_3_0	327.27
P_3_1	328.13
P_3_2	328.84
P_3_3	329.14
P_3_4	329.14
P_3_5	328.81
P_3_6	328.22
P_3_7	327.29
P_4_0	327.27
P_4_1	328.13
P_4_2	328.84
P_4_3	329.15
P_4_4	329.15
P_4_5	328.80
P_4_6	328.23
P_4_7	327.29
P_5_0	327.07
P_5_1	327.92
P_5_2	328.56
P_5_3	328.86
P_5_4	328.85
P_5_5	328.49
P_5_6	327.98
P_5_7	327.09
P_6_0	326.64
P_6_1	327.37
P_6_2	327.97
P_6_3	328.24
P_6_4	328.22
P_6_5	327.88
P_6_6	327.45
P_6_7	326.66
P_7_0	325.97
P_7_1	326.51
P_7_2	327.06
P_7_3	327.29
P_7_4	327.27
P_7_5	327.02
P_7_6	326.64
P_7_7	326.00
iface_P_0_0	324.07
iface_P_0_1	324.69
iface_P_0_2	325.18
iface_P_0_3	325.40
iface_P_0_4	325.39
iface_P_0_5	325.15
iface_P_0_6	324.75
iface_P_0_7	324.09
iface_P_1_0	324.75
iface_P_1_1	325.51
iface_P_1_2	326.11
iface_P_1_3	326.37
iface_P_1_4	326.36
iface_P_1_5	326.05
iface_P_1_6	325.59
iface_P_1_7	324.77
iface_P_2_0	325.18
iface_P_2_1	326.03
iface_P_2_2	326.70
iface_P_2_3	326.99
iface_P_2_4	326.99
iface_P_2_5	326.64
iface_P_2_6	326.11
iface_P_2_7	325.20
iface_P_3_0	325.38
iface_P_3_1	326.29
iface_P_3_2	326.98
iface_P_3_3	327.28
iface_P_3_4	327.28
iface_P_3_5	326.95
iface_P_3_6	326.36
iface_P_3_7	325.40
iface_P_4_0	325.38
iface_P_4_1	326.28
iface_P_4_2	326.98
iface_P_4_3	327.28
iface_P_4_4	327.28
iface_P_4_5	326.95
iface_P_4_6	326.36
iface_P_4_7	325.40
iface_P_5_0	325.18
iface_P_5_1	326.07
iface_P_5_2	326.70
iface_P_5_3	326.99
iface_P_5_4	326.99
iface_P_5_5	326.64
iface_P_5_6	326.11
iface_P_5_7	325.20
iface_P_6_0	324.75
iface_P_6_1	325.52
iface_P_6_2	326.11
iface_P_6_3	326.37
iface_P_6_4	326.36
iface_P_6_5	326.04
iface_P_6_6	325.59
iface_P_6_7	324.77
iface_P_7_0	324.07
iface_P_7_1	324.65
iface_P_7_2	325.18
iface_P_7_3	325.39
iface_P_7_4	325.38
iface_P_7_5	325.14
iface_P_7_6	324.76
iface_P_7_7	324.09
hsp_P_0_0	317.71
hsp_P_0_1	318.46
hsp_P_0_2	318.89
hsp_P_0_3	319.09
hsp_P_0_4	319.09
hsp_P_0_5	318.89
hsp_P_0_6	318.47
hsp_P_0_7	317.72
hsp_P_1_0	318.46
hsp_P_1_1	319.37
hsp_P_1_2	319.90
hsp_P_1_3	320.16
hsp_P_1_4	320.15
hsp_P_1_5	319.90
hsp_P_1_6	319.39
hsp_P_1_7	318.47
hsp_P_2_0	318.88
hsp_P_2_1	319.89
hsp_P_2_2	320.49
hsp_P_2_3	320.77
hsp_P_2_4	320.77
hsp_P_2_5	320.49
hsp_P_2_6	319.91
hsp_P_2_7	318.90
hsp_P_3_0	319.08
hsp_P_3_1	320.14
hsp_P_3_2	320.77
hsp_P_3_3	321.07
hsp_P_3_4	321.07
hsp_P_3_5	320.77
hsp_P_3_6	320.16
hsp_P_3_7	319.10
hsp_P_4_0	319.08
hsp_P_4_1	320.14
hsp_P_4_2	320.77
hsp_P_4_3	321.07
hsp_P_4_4	321.07
hsp_P_4_5	320.77
hsp_P_4_6	320.16
hsp_P_4_7	319.10
hsp_P_5_0	318.89
hsp_P_5_1	319.90
hsp_P_5_2	320.49
hsp_P_5_3	320.77
hsp_P_5_4	320.77
hsp_P_5_5	320.49
hsp_P_5_6	319.91
hsp_P_5_7	318.90
hsp_P_6_0	318.46
hsp_P_6_1	319.37
hsp_P_6_2	319.90
hsp_P_6_3	320.15
hsp_P_6_4	320.15
hsp_P_6_5	319.90
hsp_P_6_6	319.39
hsp_P_6_7	318.47
hsp_P_7_0	317.70
hsp_P_7_1	318.45
hsp_P_7_2	318.89
hsp_P_7_3	319.09
hsp_P_7_4	319.09
hsp_P_7_5	318.89
hsp_P_7_6	318.47
hsp_P_7_7	317.72
hsink_P_0_0	315.52
hsink_P_0_1	316.13
hsink_P_0_2	316.51
hsink_P_0_3	316.70
hsink_P_0_4	316.70
hsink_P_0_5	316.51
hsink_P_0_6	316.13
hsink_P_0_7	315.53
hsink_P_1_0	316.12
hsink_P_1_1	316.87
hsink_P_1_2	317.35
hsink_P_1_3	317.58
hsink_P_1_4	317.59
hsink_P_1_5	317.35
hsink_P_1_6	316.87
hsink_P_1_7	316.13
hsink_P_2_0	316.51
hsink_P_2_1	317.35
hsink_P_2_2	317.89
hsink_P_2_3	318.16
hsink_P_2_4	318.16
hsink_P_2_5	317.89
hsink_P_2_6	317.35
hsink_P_2_7	316.52
hsink_P_3_0	316.70
hsink_P_3_1	317.58
hsink_P_3_2	318.16
hsink_P_3_3	318.44
hsink_P_3_4	318.44
hsink_P_3_5	318.16
hsink_P_3_6	317.59
hsink_P_3_7	316.70
hsink_P_4_0	316.70
hsink_P_4_1	317.58
hsink_P_4_2	318.16
hsink_P_4_3	318.44
hsink_P_4_4	318.44
hsink_P_4_5	318.16
hsink_P_4_6	317.59
hsink_P_4_7	316.70
hsink_P_5_0	316.51
hsink_P_5_1	317.35
hsink_P_5_2	317.89
hsink_P_5_3	318.16
hsink_P_5_4	318.16
hsink_P_5_5	317.89
hsink_P_5_6	317.35
hsink_P_5_7	316.52
hsink_P_6_0	316.12
hsink_P_6_1	316.87
hsink_P_6_2	317.35
hsink_P_6_3	317.58
hsink_P_6_4	317.58
hsink_P_6_5	317.35
hsink_P_6_6	316.87
hsink_P_6_7	316.13
hsink_P_7_0	315.52
hsink_P_7_1	316.12
hsink_P_7_2	316.51
hsink_P_7_3	316.70
hsink_P_7_4	316.70
hsink_P_7_5	316.51
hsink_P_7_6	316.13
hsink_P_7_7	315.53
inode_0	312.99
inode_1	312.99
inode_2	312.99
inode_3	312.99
inode_4	312.91
inode_5	312.92
inode_6	312.92
inode_7	312.92
inode_8	309.87
inode_9	309.88
inode_10	309.87
inode_11	309.87
update timer time is 199999
hotspot -c hotspot.config -init_file NOC_8_8.steady -f noc_8_8.flp -p NOC_8_8.ptrace -steady_file NOC_8_8.steady -model_type grid
start to command 2: 
Unit	Steady(Kelvin)
P_0_0	326.08
P_0_1	326.75
P_0_2	327.17
P_0_3	327.37
P_0_4	327.37
P_0_5	327.18
P_0_6	326.73
P_0_7	326.07
P_1_0	326.73
P_1_1	327.56
P_1_2	328.08
P_1_3	328.32
P_1_4	328.32
P_1_5	328.09
P_1_6	327.55
P_1_7	326.73
P_2_0	327.17
P_2_1	328.09
P_2_2	328.67
P_2_3	328.94
P_2_4	328.94
P_2_5	328.68
P_2_6	328.08
P_2_7	327.16
P_3_0	327.37
P_3_1	328.33
P_3_2	328.95
P_3_3	329.22
P_3_4	329.24
P_3_5	328.96
P_3_6	328.32
P_3_7	327.37
P_4_0	327.37
P_4_1	328.33
P_4_2	328.95
P_4_3	329.23
P_4_4	329.24
P_4_5	328.96
P_4_6	328.32
P_4_7	327.37
P_5_0	327.17
P_5_1	328.09
P_5_2	328.67
P_5_3	328.94
P_5_4	328.94
P_5_5	328.68
P_5_6	328.07
P_5_7	327.17
P_6_0	326.74
P_6_1	327.56
P_6_2	328.07
P_6_3	328.32
P_6_4	328.32
P_6_5	328.09
P_6_6	327.55
P_6_7	326.73
P_7_0	326.07
P_7_1	326.75
P_7_2	327.17
P_7_3	327.36
P_7_4	327.36
P_7_5	327.18
P_7_6	326.73
P_7_7	326.07
iface_P_0_0	324.16
iface_P_0_1	324.86
iface_P_0_2	325.28
iface_P_0_3	325.48
iface_P_0_4	325.48
iface_P_0_5	325.29
iface_P_0_6	324.84
iface_P_0_7	324.16
iface_P_1_0	324.84
iface_P_1_1	325.69
iface_P_1_2	326.21
iface_P_1_3	326.45
iface_P_1_4	326.45
iface_P_1_5	326.22
iface_P_1_6	325.68
iface_P_1_7	324.84
iface_P_2_0	325.28
iface_P_2_1	326.22
iface_P_2_2	326.80
iface_P_2_3	327.07
iface_P_2_4	327.08
iface_P_2_5	326.81
iface_P_2_6	326.21
iface_P_2_7	325.27
iface_P_3_0	325.48
iface_P_3_1	326.47
iface_P_3_2	327.08
iface_P_3_3	327.36
iface_P_3_4	327.37
iface_P_3_5	327.09
iface_P_3_6	326.45
iface_P_3_7	325.48
iface_P_4_0	325.48
iface_P_4_1	326.46
iface_P_4_2	327.08
iface_P_4_3	327.36
iface_P_4_4	327.37
iface_P_4_5	327.09
iface_P_4_6	326.45
iface_P_4_7	325.48
iface_P_5_0	325.28
iface_P_5_1	326.22
iface_P_5_2	326.80
iface_P_5_3	327.08
iface_P_5_4	327.08
iface_P_5_5	326.81
iface_P_5_6	326.21
iface_P_5_7	325.28
iface_P_6_0	324.85
iface_P_6_1	325.69
iface_P_6_2	326.21
iface_P_6_3	326.45
iface_P_6_4	326.45
iface_P_6_5	326.22
iface_P_6_6	325.68
iface_P_6_7	324.84
iface_P_7_0	324.16
iface_P_7_1	324.86
iface_P_7_2	325.27
iface_P_7_3	325.47
iface_P_7_4	325.47
iface_P_7_5	325.29
iface_P_7_6	324.84
iface_P_7_7	324.16
hsp_P_0_0	317.79
hsp_P_0_1	318.55
hsp_P_0_2	318.97
hsp_P_0_3	319.17
hsp_P_0_4	319.17
hsp_P_0_5	318.97
hsp_P_0_6	318.55
hsp_P_0_7	317.79
hsp_P_1_0	318.55
hsp_P_1_1	319.47
hsp_P_1_2	319.99
hsp_P_1_3	320.24
hsp_P_1_4	320.24
hsp_P_1_5	319.99
hsp_P_1_6	319.47
hsp_P_1_7	318.54
hsp_P_2_0	318.97
hsp_P_2_1	319.99
hsp_P_2_2	320.58
hsp_P_2_3	320.86
hsp_P_2_4	320.86
hsp_P_2_5	320.58
hsp_P_2_6	319.99
hsp_P_2_7	318.97
hsp_P_3_0	319.17
hsp_P_3_1	320.24
hsp_P_3_2	320.86
hsp_P_3_3	321.15
hsp_P_3_4	321.15
hsp_P_3_5	320.86
hsp_P_3_6	320.24
hsp_P_3_7	319.17
hsp_P_4_0	319.17
hsp_P_4_1	320.24
hsp_P_4_2	320.86
hsp_P_4_3	321.15
hsp_P_4_4	321.15
hsp_P_4_5	320.86
hsp_P_4_6	320.24
hsp_P_4_7	319.17
hsp_P_5_0	318.97
hsp_P_5_1	319.99
hsp_P_5_2	320.58
hsp_P_5_3	320.86
hsp_P_5_4	320.86
hsp_P_5_5	320.58
hsp_P_5_6	319.99
hsp_P_5_7	318.97
hsp_P_6_0	318.55
hsp_P_6_1	319.47
hsp_P_6_2	319.99
hsp_P_6_3	320.24
hsp_P_6_4	320.24
hsp_P_6_5	319.99
hsp_P_6_6	319.47
hsp_P_6_7	318.54
hsp_P_7_0	317.79
hsp_P_7_1	318.55
hsp_P_7_2	318.97
hsp_P_7_3	319.17
hsp_P_7_4	319.17
hsp_P_7_5	318.97
hsp_P_7_6	318.55
hsp_P_7_7	317.79
hsink_P_0_0	315.59
hsink_P_0_1	316.20
hsink_P_0_2	316.58
hsink_P_0_3	316.77
hsink_P_0_4	316.77
hsink_P_0_5	316.58
hsink_P_0_6	316.20
hsink_P_0_7	315.59
hsink_P_1_0	316.20
hsink_P_1_1	316.95
hsink_P_1_2	317.43
hsink_P_1_3	317.66
hsink_P_1_4	317.66
hsink_P_1_5	317.43
hsink_P_1_6	316.95
hsink_P_1_7	316.20
hsink_P_2_0	316.58
hsink_P_2_1	317.43
hsink_P_2_2	317.97
hsink_P_2_3	318.24
hsink_P_2_4	318.24
hsink_P_2_5	317.97
hsink_P_2_6	317.43
hsink_P_2_7	316.58
hsink_P_3_0	316.77
hsink_P_3_1	317.66
hsink_P_3_2	318.24
hsink_P_3_3	318.52
hsink_P_3_4	318.52
hsink_P_3_5	318.24
hsink_P_3_6	317.66
hsink_P_3_7	316.77
hsink_P_4_0	316.77
hsink_P_4_1	317.66
hsink_P_4_2	318.24
hsink_P_4_3	318.52
hsink_P_4_4	318.52
hsink_P_4_5	318.24
hsink_P_4_6	317.66
hsink_P_4_7	316.77
hsink_P_5_0	316.58
hsink_P_5_1	317.43
hsink_P_5_2	317.97
hsink_P_5_3	318.24
hsink_P_5_4	318.24
hsink_P_5_5	317.97
hsink_P_5_6	317.43
hsink_P_5_7	316.58
hsink_P_6_0	316.20
hsink_P_6_1	316.95
hsink_P_6_2	317.43
hsink_P_6_3	317.66
hsink_P_6_4	317.66
hsink_P_6_5	317.43
hsink_P_6_6	316.95
hsink_P_6_7	316.20
hsink_P_7_0	315.59
hsink_P_7_1	316.20
hsink_P_7_2	316.58
hsink_P_7_3	316.77
hsink_P_7_4	316.77
hsink_P_7_5	316.58
hsink_P_7_6	316.20
hsink_P_7_7	315.59
inode_0	313.05
inode_1	313.05
inode_2	313.05
inode_3	313.05
inode_4	312.98
inode_5	312.97
inode_6	312.97
inode_7	312.98
inode_8	309.92
inode_9	309.92
inode_10	309.92
inode_11	309.92
update timer time is 299999
hotspot -c hotspot.config -init_file NOC_8_8.steady -f noc_8_8.flp -p NOC_8_8.ptrace -steady_file NOC_8_8.steady -model_type grid
start to command 2: 
Unit	Steady(Kelvin)
P_0_0	326.09
P_0_1	326.76
P_0_2	327.18
P_0_3	327.38
P_0_4	327.38
P_0_5	327.19
P_0_6	326.74
P_0_7	326.08
P_1_0	326.75
P_1_1	327.57
P_1_2	328.08
P_1_3	328.33
P_1_4	328.33
P_1_5	328.10
P_1_6	327.56
P_1_7	326.74
P_2_0	327.18
P_2_1	328.10
P_2_2	328.68
P_2_3	328.95
P_2_4	328.96
P_2_5	328.69
P_2_6	328.08
P_2_7	327.17
P_3_0	327.38
P_3_1	328.34
P_3_2	328.95
P_3_3	329.23
P_3_4	329.25
P_3_5	328.97
P_3_6	328.33
P_3_7	327.38
P_4_0	327.38
P_4_1	328.34
P_4_2	328.95
P_4_3	329.24
P_4_4	329.25
P_4_5	328.97
P_4_6	328.33
P_4_7	327.38
P_5_0	327.18
P_5_1	328.10
P_5_2	328.67
P_5_3	328.96
P_5_4	328.95
P_5_5	328.69
P_5_6	328.08
P_5_7	327.17
P_6_0	326.74
P_6_1	327.57
P_6_2	328.09
P_6_3	328.33
P_6_4	328.33
P_6_5	328.10
P_6_6	327.56
P_6_7	326.75
P_7_0	326.08
P_7_1	326.76
P_7_2	327.18
P_7_3	327.38
P_7_4	327.38
P_7_5	327.19
P_7_6	326.75
P_7_7	326.08
iface_P_0_0	324.17
iface_P_0_1	324.86
iface_P_0_2	325.29
iface_P_0_3	325.48
iface_P_0_4	325.49
iface_P_0_5	325.29
iface_P_0_6	324.85
iface_P_0_7	324.17
iface_P_1_0	324.86
iface_P_1_1	325.70
iface_P_1_2	326.22
iface_P_1_3	326.47
iface_P_1_4	326.47
iface_P_1_5	326.23
iface_P_1_6	325.69
iface_P_1_7	324.85
iface_P_2_0	325.29
iface_P_2_1	326.23
iface_P_2_2	326.81
iface_P_2_3	327.09
iface_P_2_4	327.09
iface_P_2_5	326.82
iface_P_2_6	326.22
iface_P_2_7	325.28
iface_P_3_0	325.49
iface_P_3_1	326.47
iface_P_3_2	327.09
iface_P_3_3	327.37
iface_P_3_4	327.38
iface_P_3_5	327.10
iface_P_3_6	326.47
iface_P_3_7	325.48
iface_P_4_0	325.49
iface_P_4_1	326.47
iface_P_4_2	327.09
iface_P_4_3	327.37
iface_P_4_4	327.38
iface_P_4_5	327.10
iface_P_4_6	326.47
iface_P_4_7	325.48
iface_P_5_0	325.29
iface_P_5_1	326.23
iface_P_5_2	326.81
iface_P_5_3	327.09
iface_P_5_4	327.09
iface_P_5_5	326.82
iface_P_5_6	326.22
iface_P_5_7	325.28
iface_P_6_0	324.85
iface_P_6_1	325.70
iface_P_6_2	326.22
iface_P_6_3	326.46
iface_P_6_4	326.46
iface_P_6_5	326.23
iface_P_6_6	325.69
iface_P_6_7	324.85
iface_P_7_0	324.17
iface_P_7_1	324.86
iface_P_7_2	325.29
iface_P_7_3	325.49
iface_P_7_4	325.49
iface_P_7_5	325.30
iface_P_7_6	324.86
iface_P_7_7	324.17
hsp_P_0_0	317.79
hsp_P_0_1	318.55
hsp_P_0_2	318.98
hsp_P_0_3	319.18
hsp_P_0_4	319.18
hsp_P_0_5	318.98
hsp_P_0_6	318.55
hsp_P_0_7	317.79
hsp_P_1_0	318.55
hsp_P_1_1	319.48
hsp_P_1_2	320.00
hsp_P_1_3	320.24
hsp_P_1_4	320.24
hsp_P_1_5	320.00
hsp_P_1_6	319.47
hsp_P_1_7	318.55
hsp_P_2_0	318.98
hsp_P_2_1	320.00
hsp_P_2_2	320.59
hsp_P_2_3	320.87
hsp_P_2_4	320.87
hsp_P_2_5	320.59
hsp_P_2_6	320.00
hsp_P_2_7	318.98
hsp_P_3_0	319.18
hsp_P_3_1	320.25
hsp_P_3_2	320.87
hsp_P_3_3	321.16
hsp_P_3_4	321.16
hsp_P_3_5	320.87
hsp_P_3_6	320.24
hsp_P_3_7	319.18
hsp_P_4_0	319.18
hsp_P_4_1	320.24
hsp_P_4_2	320.87
hsp_P_4_3	321.16
hsp_P_4_4	321.16
hsp_P_4_5	320.87
hsp_P_4_6	320.24
hsp_P_4_7	319.18
hsp_P_5_0	318.98
hsp_P_5_1	320.00
hsp_P_5_2	320.59
hsp_P_5_3	320.87
hsp_P_5_4	320.87
hsp_P_5_5	320.59
hsp_P_5_6	320.00
hsp_P_5_7	318.98
hsp_P_6_0	318.55
hsp_P_6_1	319.47
hsp_P_6_2	320.00
hsp_P_6_3	320.24
hsp_P_6_4	320.24
hsp_P_6_5	320.00
hsp_P_6_6	319.47
hsp_P_6_7	318.55
hsp_P_7_0	317.79
hsp_P_7_1	318.55
hsp_P_7_2	318.98
hsp_P_7_3	319.18
hsp_P_7_4	319.18
hsp_P_7_5	318.98
hsp_P_7_6	318.55
hsp_P_7_7	317.79
hsink_P_0_0	315.60
hsink_P_0_1	316.20
hsink_P_0_2	316.59
hsink_P_0_3	316.78
hsink_P_0_4	316.78
hsink_P_0_5	316.59
hsink_P_0_6	316.20
hsink_P_0_7	315.60
hsink_P_1_0	316.20
hsink_P_1_1	316.95
hsink_P_1_2	317.43
hsink_P_1_3	317.67
hsink_P_1_4	317.67
hsink_P_1_5	317.43
hsink_P_1_6	316.95
hsink_P_1_7	316.20
hsink_P_2_0	316.59
hsink_P_2_1	317.43
hsink_P_2_2	317.98
hsink_P_2_3	318.24
hsink_P_2_4	318.24
hsink_P_2_5	317.98
hsink_P_2_6	317.43
hsink_P_2_7	316.59
hsink_P_3_0	316.78
hsink_P_3_1	317.67
hsink_P_3_2	318.24
hsink_P_3_3	318.52
hsink_P_3_4	318.52
hsink_P_3_5	318.24
hsink_P_3_6	317.67
hsink_P_3_7	316.78
hsink_P_4_0	316.78
hsink_P_4_1	317.67
hsink_P_4_2	318.24
hsink_P_4_3	318.52
hsink_P_4_4	318.52
hsink_P_4_5	318.24
hsink_P_4_6	317.67
hsink_P_4_7	316.78
hsink_P_5_0	316.59
hsink_P_5_1	317.43
hsink_P_5_2	317.98
hsink_P_5_3	318.24
hsink_P_5_4	318.24
hsink_P_5_5	317.98
hsink_P_5_6	317.43
hsink_P_5_7	316.59
hsink_P_6_0	316.20
hsink_P_6_1	316.95
hsink_P_6_2	317.43
hsink_P_6_3	317.67
hsink_P_6_4	317.67
hsink_P_6_5	317.43
hsink_P_6_6	316.95
hsink_P_6_7	316.20
hsink_P_7_0	315.60
hsink_P_7_1	316.20
hsink_P_7_2	316.59
hsink_P_7_3	316.78
hsink_P_7_4	316.78
hsink_P_7_5	316.59
hsink_P_7_6	316.20
hsink_P_7_7	315.60
inode_0	313.05
inode_1	313.05
inode_2	313.05
inode_3	313.05
inode_4	312.98
inode_5	312.98
inode_6	312.98
inode_7	312.98
inode_8	309.92
inode_9	309.92
inode_10	309.92
inode_11	309.92
update timer time is 399999
hotspot -c hotspot.config -init_file NOC_8_8.steady -f noc_8_8.flp -p NOC_8_8.ptrace -steady_file NOC_8_8.steady -model_type grid
start to command 2: 
Unit	Steady(Kelvin)
P_0_0	326.09
P_0_1	326.76
P_0_2	327.19
P_0_3	327.39
P_0_4	327.39
P_0_5	327.20
P_0_6	326.75
P_0_7	326.09
P_1_0	326.75
P_1_1	327.57
P_1_2	328.09
P_1_3	328.34
P_1_4	328.34
P_1_5	328.10
P_1_6	327.57
P_1_7	326.75
P_2_0	327.19
P_2_1	328.10
P_2_2	328.69
P_2_3	328.96
P_2_4	328.96
P_2_5	328.70
P_2_6	328.09
P_2_7	327.18
P_3_0	327.39
P_3_1	328.35
P_3_2	328.97
P_3_3	329.25
P_3_4	329.26
P_3_5	328.97
P_3_6	328.34
P_3_7	327.38
P_4_0	327.39
P_4_1	328.35
P_4_2	328.96
P_4_3	329.25
P_4_4	329.26
P_4_5	328.97
P_4_6	328.34
P_4_7	327.38
P_5_0	327.19
P_5_1	328.10
P_5_2	328.69
P_5_3	328.96
P_5_4	328.96
P_5_5	328.70
P_5_6	328.09
P_5_7	327.18
P_6_0	326.76
P_6_1	327.58
P_6_2	328.09
P_6_3	328.34
P_6_4	328.34
P_6_5	328.10
P_6_6	327.57
P_6_7	326.75
P_7_0	326.09
P_7_1	326.76
P_7_2	327.19
P_7_3	327.38
P_7_4	327.39
P_7_5	327.20
P_7_6	326.75
P_7_7	326.09
iface_P_0_0	324.18
iface_P_0_1	324.87
iface_P_0_2	325.29
iface_P_0_3	325.49
iface_P_0_4	325.49
iface_P_0_5	325.30
iface_P_0_6	324.86
iface_P_0_7	324.18
iface_P_1_0	324.86
iface_P_1_1	325.71
iface_P_1_2	326.23
iface_P_1_3	326.47
iface_P_1_4	326.47
iface_P_1_5	326.23
iface_P_1_6	325.70
iface_P_1_7	324.86
iface_P_2_0	325.30
iface_P_2_1	326.23
iface_P_2_2	326.82
iface_P_2_3	327.10
iface_P_2_4	327.10
iface_P_2_5	326.83
iface_P_2_6	326.23
iface_P_2_7	325.29
iface_P_3_0	325.49
iface_P_3_1	326.48
iface_P_3_2	327.10
iface_P_3_3	327.38
iface_P_3_4	327.39
iface_P_3_5	327.10
iface_P_3_6	326.47
iface_P_3_7	325.49
iface_P_4_0	325.49
iface_P_4_1	326.48
iface_P_4_2	327.10
iface_P_4_3	327.38
iface_P_4_4	327.39
iface_P_4_5	327.10
iface_P_4_6	326.47
iface_P_4_7	325.49
iface_P_5_0	325.30
iface_P_5_1	326.23
iface_P_5_2	326.82
iface_P_5_3	327.10
iface_P_5_4	327.10
iface_P_5_5	326.83
iface_P_5_6	326.23
iface_P_5_7	325.29
iface_P_6_0	324.86
iface_P_6_1	325.71
iface_P_6_2	326.23
iface_P_6_3	326.47
iface_P_6_4	326.47
iface_P_6_5	326.23
iface_P_6_6	325.70
iface_P_6_7	324.86
iface_P_7_0	324.18
iface_P_7_1	324.87
iface_P_7_2	325.29
iface_P_7_3	325.49
iface_P_7_4	325.49
iface_P_7_5	325.30
iface_P_7_6	324.86
iface_P_7_7	324.18
hsp_P_0_0	317.80
hsp_P_0_1	318.56
hsp_P_0_2	318.98
hsp_P_0_3	319.18
hsp_P_0_4	319.18
hsp_P_0_5	318.99
hsp_P_0_6	318.56
hsp_P_0_7	317.80
hsp_P_1_0	318.56
hsp_P_1_1	319.48
hsp_P_1_2	320.01
hsp_P_1_3	320.25
hsp_P_1_4	320.25
hsp_P_1_5	320.01
hsp_P_1_6	319.48
hsp_P_1_7	318.56
hsp_P_2_0	318.98
hsp_P_2_1	320.01
hsp_P_2_2	320.60
hsp_P_2_3	320.87
hsp_P_2_4	320.87
hsp_P_2_5	320.60
hsp_P_2_6	320.01
hsp_P_2_7	318.98
hsp_P_3_0	319.18
hsp_P_3_1	320.25
hsp_P_3_2	320.87
hsp_P_3_3	321.16
hsp_P_3_4	321.17
hsp_P_3_5	320.87
hsp_P_3_6	320.25
hsp_P_3_7	319.18
hsp_P_4_0	319.18
hsp_P_4_1	320.25
hsp_P_4_2	320.87
hsp_P_4_3	321.16
hsp_P_4_4	321.17
hsp_P_4_5	320.87
hsp_P_4_6	320.25
hsp_P_4_7	319.18
hsp_P_5_0	318.98
hsp_P_5_1	320.01
hsp_P_5_2	320.60
hsp_P_5_3	320.87
hsp_P_5_4	320.87
hsp_P_5_5	320.60
hsp_P_5_6	320.00
hsp_P_5_7	318.98
hsp_P_6_0	318.56
hsp_P_6_1	319.48
hsp_P_6_2	320.01
hsp_P_6_3	320.25
hsp_P_6_4	320.25
hsp_P_6_5	320.01
hsp_P_6_6	319.48
hsp_P_6_7	318.56
hsp_P_7_0	317.80
hsp_P_7_1	318.56
hsp_P_7_2	318.98
hsp_P_7_3	319.18
hsp_P_7_4	319.18
hsp_P_7_5	318.99
hsp_P_7_6	318.56
hsp_P_7_7	317.80
hsink_P_0_0	315.61
hsink_P_0_1	316.21
hsink_P_0_2	316.60
hsink_P_0_3	316.78
hsink_P_0_4	316.78
hsink_P_0_5	316.60
hsink_P_0_6	316.21
hsink_P_0_7	315.61
hsink_P_1_0	316.21
hsink_P_1_1	316.96
hsink_P_1_2	317.44
hsink_P_1_3	317.67
hsink_P_1_4	317.67
hsink_P_1_5	317.44
hsink_P_1_6	316.96
hsink_P_1_7	316.21
hsink_P_2_0	316.60
hsink_P_2_1	317.44
hsink_P_2_2	317.98
hsink_P_2_3	318.25
hsink_P_2_4	318.25
hsink_P_2_5	317.98
hsink_P_2_6	317.44
hsink_P_2_7	316.60
hsink_P_3_0	316.78
hsink_P_3_1	317.67
hsink_P_3_2	318.25
hsink_P_3_3	318.53
hsink_P_3_4	318.53
hsink_P_3_5	318.25
hsink_P_3_6	317.67
hsink_P_3_7	316.78
hsink_P_4_0	316.78
hsink_P_4_1	317.67
hsink_P_4_2	318.25
hsink_P_4_3	318.53
hsink_P_4_4	318.53
hsink_P_4_5	318.25
hsink_P_4_6	317.67
hsink_P_4_7	316.78
hsink_P_5_0	316.60
hsink_P_5_1	317.44
hsink_P_5_2	317.98
hsink_P_5_3	318.25
hsink_P_5_4	318.25
hsink_P_5_5	317.98
hsink_P_5_6	317.44
hsink_P_5_7	316.60
hsink_P_6_0	316.21
hsink_P_6_1	316.96
hsink_P_6_2	317.44
hsink_P_6_3	317.67
hsink_P_6_4	317.67
hsink_P_6_5	317.44
hsink_P_6_6	316.96
hsink_P_6_7	316.21
hsink_P_7_0	315.61
hsink_P_7_1	316.21
hsink_P_7_2	316.60
hsink_P_7_3	316.78
hsink_P_7_4	316.78
hsink_P_7_5	316.60
hsink_P_7_6	316.21
hsink_P_7_7	315.60
inode_0	313.06
inode_1	313.06
inode_2	313.06
inode_3	313.06
inode_4	312.98
inode_5	312.98
inode_6	312.98
inode_7	312.98
inode_8	309.93
inode_9	309.93
inode_10	309.93
inode_11	309.93
update timer time is 499999
hotspot -c hotspot.config -init_file NOC_8_8.steady -f noc_8_8.flp -p NOC_8_8.ptrace -steady_file NOC_8_8.steady -model_type grid
start to command 2: 
Unit	Steady(Kelvin)
P_0_0	326.10
P_0_1	326.77
P_0_2	327.20
P_0_3	327.40
P_0_4	327.40
P_0_5	327.20
P_0_6	326.76
P_0_7	326.10
P_1_0	326.76
P_1_1	327.58
P_1_2	328.10
P_1_3	328.35
P_1_4	328.35
P_1_5	328.11
P_1_6	327.58
P_1_7	326.76
P_2_0	327.20
P_2_1	328.11
P_2_2	328.70
P_2_3	328.98
P_2_4	328.98
P_2_5	328.70
P_2_6	328.10
P_2_7	327.20
P_3_0	327.40
P_3_1	328.36
P_3_2	328.98
P_3_3	329.26
P_3_4	329.27
P_3_5	328.98
P_3_6	328.35
P_3_7	327.40
P_4_0	327.40
P_4_1	328.35
P_4_2	328.97
P_4_3	329.26
P_4_4	329.27
P_4_5	328.98
P_4_6	328.35
P_4_7	327.40
P_5_0	327.20
P_5_1	328.11
P_5_2	328.70
P_5_3	328.98
P_5_4	328.97
P_5_5	328.70
P_5_6	328.10
P_5_7	327.19
P_6_0	326.76
P_6_1	327.58
P_6_2	328.11
P_6_3	328.35
P_6_4	328.35
P_6_5	328.11
P_6_6	327.58
P_6_7	326.76
P_7_0	326.10
P_7_1	326.77
P_7_2	327.20
P_7_3	327.39
P_7_4	327.40
P_7_5	327.20
P_7_6	326.77
P_7_7	326.10
iface_P_0_0	324.19
iface_P_0_1	324.88
iface_P_0_2	325.30
iface_P_0_3	325.50
iface_P_0_4	325.50
iface_P_0_5	325.31
iface_P_0_6	324.87
iface_P_0_7	324.19
iface_P_1_0	324.87
iface_P_1_1	325.71
iface_P_1_2	326.24
iface_P_1_3	326.48
iface_P_1_4	326.48
iface_P_1_5	326.24
iface_P_1_6	325.71
iface_P_1_7	324.87
iface_P_2_0	325.30
iface_P_2_1	326.24
iface_P_2_2	326.83
iface_P_2_3	327.11
iface_P_2_4	327.11
iface_P_2_5	326.83
iface_P_2_6	326.23
iface_P_2_7	325.30
iface_P_3_0	325.50
iface_P_3_1	326.49
iface_P_3_2	327.11
iface_P_3_3	327.40
iface_P_3_4	327.40
iface_P_3_5	327.11
iface_P_3_6	326.48
iface_P_3_7	325.50
iface_P_4_0	325.50
iface_P_4_1	326.49
iface_P_4_2	327.11
iface_P_4_3	327.39
iface_P_4_4	327.40
iface_P_4_5	327.11
iface_P_4_6	326.48
iface_P_4_7	325.50
iface_P_5_0	325.30
iface_P_5_1	326.24
iface_P_5_2	326.83
iface_P_5_3	327.11
iface_P_5_4	327.11
iface_P_5_5	326.83
iface_P_5_6	326.24
iface_P_5_7	325.30
iface_P_6_0	324.87
iface_P_6_1	325.71
iface_P_6_2	326.24
iface_P_6_3	326.48
iface_P_6_4	326.48
iface_P_6_5	326.24
iface_P_6_6	325.71
iface_P_6_7	324.87
iface_P_7_0	324.18
iface_P_7_1	324.88
iface_P_7_2	325.30
iface_P_7_3	325.50
iface_P_7_4	325.50
iface_P_7_5	325.31
iface_P_7_6	324.87
iface_P_7_7	324.19
hsp_P_0_0	317.81
hsp_P_0_1	318.57
hsp_P_0_2	318.99
hsp_P_0_3	319.19
hsp_P_0_4	319.19
hsp_P_0_5	318.99
hsp_P_0_6	318.57
hsp_P_0_7	317.81
hsp_P_1_0	318.57
hsp_P_1_1	319.49
hsp_P_1_2	320.01
hsp_P_1_3	320.26
hsp_P_1_4	320.26
hsp_P_1_5	320.01
hsp_P_1_6	319.49
hsp_P_1_7	318.57
hsp_P_2_0	318.99
hsp_P_2_1	320.01
hsp_P_2_2	320.60
hsp_P_2_3	320.88
hsp_P_2_4	320.88
hsp_P_2_5	320.60
hsp_P_2_6	320.01
hsp_P_2_7	318.99
hsp_P_3_0	319.19
hsp_P_3_1	320.26
hsp_P_3_2	320.88
hsp_P_3_3	321.17
hsp_P_3_4	321.17
hsp_P_3_5	320.88
hsp_P_3_6	320.26
hsp_P_3_7	319.19
hsp_P_4_0	319.19
hsp_P_4_1	320.26
hsp_P_4_2	320.88
hsp_P_4_3	321.17
hsp_P_4_4	321.17
hsp_P_4_5	320.88
hsp_P_4_6	320.26
hsp_P_4_7	319.19
hsp_P_5_0	318.99
hsp_P_5_1	320.01
hsp_P_5_2	320.60
hsp_P_5_3	320.88
hsp_P_5_4	320.88
hsp_P_5_5	320.60
hsp_P_5_6	320.01
hsp_P_5_7	318.99
hsp_P_6_0	318.57
hsp_P_6_1	319.49
hsp_P_6_2	320.01
hsp_P_6_3	320.26
hsp_P_6_4	320.26
hsp_P_6_5	320.01
hsp_P_6_6	319.49
hsp_P_6_7	318.56
hsp_P_7_0	317.81
hsp_P_7_1	318.57
hsp_P_7_2	318.99
hsp_P_7_3	319.19
hsp_P_7_4	319.19
hsp_P_7_5	318.99
hsp_P_7_6	318.57
hsp_P_7_7	317.81
hsink_P_0_0	315.61
hsink_P_0_1	316.22
hsink_P_0_2	316.60
hsink_P_0_3	316.79
hsink_P_0_4	316.79
hsink_P_0_5	316.60
hsink_P_0_6	316.22
hsink_P_0_7	315.61
hsink_P_1_0	316.22
hsink_P_1_1	316.96
hsink_P_1_2	317.45
hsink_P_1_3	317.68
hsink_P_1_4	317.68
hsink_P_1_5	317.45
hsink_P_1_6	316.96
hsink_P_1_7	316.22
hsink_P_2_0	316.60
hsink_P_2_1	317.45
hsink_P_2_2	317.99
hsink_P_2_3	318.25
hsink_P_2_4	318.25
hsink_P_2_5	317.99
hsink_P_2_6	317.45
hsink_P_2_7	316.60
hsink_P_3_0	316.79
hsink_P_3_1	317.68
hsink_P_3_2	318.25
hsink_P_3_3	318.54
hsink_P_3_4	318.54
hsink_P_3_5	318.25
hsink_P_3_6	317.68
hsink_P_3_7	316.79
hsink_P_4_0	316.79
hsink_P_4_1	317.68
hsink_P_4_2	318.25
hsink_P_4_3	318.54
hsink_P_4_4	318.54
hsink_P_4_5	318.25
hsink_P_4_6	317.68
hsink_P_4_7	316.79
hsink_P_5_0	316.60
hsink_P_5_1	317.45
hsink_P_5_2	317.99
hsink_P_5_3	318.25
hsink_P_5_4	318.25
hsink_P_5_5	317.99
hsink_P_5_6	317.45
hsink_P_5_7	316.60
hsink_P_6_0	316.22
hsink_P_6_1	316.96
hsink_P_6_2	317.45
hsink_P_6_3	317.68
hsink_P_6_4	317.68
hsink_P_6_5	317.45
hsink_P_6_6	316.96
hsink_P_6_7	316.22
hsink_P_7_0	315.61
hsink_P_7_1	316.22
hsink_P_7_2	316.60
hsink_P_7_3	316.79
hsink_P_7_4	316.79
hsink_P_7_5	316.60
hsink_P_7_6	316.22
hsink_P_7_7	315.61
inode_0	313.06
inode_1	313.06
inode_2	313.06
inode_3	313.06
inode_4	312.99
inode_5	312.99
inode_6	312.99
inode_7	312.99
inode_8	309.93
inode_9	309.93
inode_10	309.93
inode_11	309.93
update timer time is 599999
hotspot -c hotspot.config -init_file NOC_8_8.steady -f noc_8_8.flp -p NOC_8_8.ptrace -steady_file NOC_8_8.steady -model_type grid
start to command 2: 
Unit	Steady(Kelvin)
P_0_0	326.11
P_0_1	326.78
P_0_2	327.21
P_0_3	327.41
P_0_4	327.41
P_0_5	327.21
P_0_6	326.77
P_0_7	326.11
P_1_0	326.77
P_1_1	327.59
P_1_2	328.11
P_1_3	328.36
P_1_4	328.36
P_1_5	328.12
P_1_6	327.59
P_1_7	326.77
P_2_0	327.21
P_2_1	328.12
P_2_2	328.71
P_2_3	328.99
P_2_4	328.98
P_2_5	328.71
P_2_6	328.11
P_2_7	327.21
P_3_0	327.41
P_3_1	328.36
P_3_2	328.98
P_3_3	329.27
P_3_4	329.28
P_3_5	328.99
P_3_6	328.36
P_3_7	327.41
P_4_0	327.41
P_4_1	328.36
P_4_2	328.98
P_4_3	329.27
P_4_4	329.28
P_4_5	328.99
P_4_6	328.36
P_4_7	327.40
P_5_0	327.21
P_5_1	328.12
P_5_2	328.71
P_5_3	328.98
P_5_4	328.98
P_5_5	328.71
P_5_6	328.11
P_5_7	327.20
P_6_0	326.77
P_6_1	327.59
P_6_2	328.11
P_6_3	328.36
P_6_4	328.36
P_6_5	328.12
P_6_6	327.59
P_6_7	326.77
P_7_0	326.11
P_7_1	326.78
P_7_2	327.20
P_7_3	327.40
P_7_4	327.41
P_7_5	327.21
P_7_6	326.77
P_7_7	326.11
iface_P_0_0	324.20
iface_P_0_1	324.88
iface_P_0_2	325.31
iface_P_0_3	325.51
iface_P_0_4	325.51
iface_P_0_5	325.31
iface_P_0_6	324.88
iface_P_0_7	324.19
iface_P_1_0	324.88
iface_P_1_1	325.72
iface_P_1_2	326.24
iface_P_1_3	326.49
iface_P_1_4	326.49
iface_P_1_5	326.25
iface_P_1_6	325.72
iface_P_1_7	324.88
iface_P_2_0	325.31
iface_P_2_1	326.25
iface_P_2_2	326.84
iface_P_2_3	327.12
iface_P_2_4	327.12
iface_P_2_5	326.84
iface_P_2_6	326.25
iface_P_2_7	325.31
iface_P_3_0	325.51
iface_P_3_1	326.49
iface_P_3_2	327.12
iface_P_3_3	327.41
iface_P_3_4	327.41
iface_P_3_5	327.12
iface_P_3_6	326.49
iface_P_3_7	325.51
iface_P_4_0	325.51
iface_P_4_1	326.49
iface_P_4_2	327.11
iface_P_4_3	327.40
iface_P_4_4	327.41
iface_P_4_5	327.12
iface_P_4_6	326.49
iface_P_4_7	325.51
iface_P_5_0	325.31
iface_P_5_1	326.25
iface_P_5_2	326.84
iface_P_5_3	327.12
iface_P_5_4	327.11
iface_P_5_5	326.84
iface_P_5_6	326.24
iface_P_5_7	325.31
iface_P_6_0	324.88
iface_P_6_1	325.72
iface_P_6_2	326.25
iface_P_6_3	326.49
iface_P_6_4	326.49
iface_P_6_5	326.25
iface_P_6_6	325.72
iface_P_6_7	324.88
iface_P_7_0	324.19
iface_P_7_1	324.88
iface_P_7_2	325.31
iface_P_7_3	325.51
iface_P_7_4	325.51
iface_P_7_5	325.31
iface_P_7_6	324.88
iface_P_7_7	324.20
hsp_P_0_0	317.81
hsp_P_0_1	318.57
hsp_P_0_2	319.00
hsp_P_0_3	319.20
hsp_P_0_4	319.20
hsp_P_0_5	319.00
hsp_P_0_6	318.57
hsp_P_0_7	317.81
hsp_P_1_0	318.57
hsp_P_1_1	319.49
hsp_P_1_2	320.02
hsp_P_1_3	320.26
hsp_P_1_4	320.26
hsp_P_1_5	320.02
hsp_P_1_6	319.49
hsp_P_1_7	318.57
hsp_P_2_0	319.00
hsp_P_2_1	320.02
hsp_P_2_2	320.61
hsp_P_2_3	320.89
hsp_P_2_4	320.89
hsp_P_2_5	320.61
hsp_P_2_6	320.02
hsp_P_2_7	319.00
hsp_P_3_0	319.20
hsp_P_3_1	320.26
hsp_P_3_2	320.89
hsp_P_3_3	321.18
hsp_P_3_4	321.18
hsp_P_3_5	320.89
hsp_P_3_6	320.26
hsp_P_3_7	319.20
hsp_P_4_0	319.20
hsp_P_4_1	320.26
hsp_P_4_2	320.89
hsp_P_4_3	321.18
hsp_P_4_4	321.18
hsp_P_4_5	320.89
hsp_P_4_6	320.26
hsp_P_4_7	319.19
hsp_P_5_0	319.00
hsp_P_5_1	320.02
hsp_P_5_2	320.61
hsp_P_5_3	320.89
hsp_P_5_4	320.89
hsp_P_5_5	320.61
hsp_P_5_6	320.02
hsp_P_5_7	319.00
hsp_P_6_0	318.57
hsp_P_6_1	319.49
hsp_P_6_2	320.02
hsp_P_6_3	320.26
hsp_P_6_4	320.26
hsp_P_6_5	320.02
hsp_P_6_6	319.49
hsp_P_6_7	318.57
hsp_P_7_0	317.81
hsp_P_7_1	318.57
hsp_P_7_2	319.00
hsp_P_7_3	319.19
hsp_P_7_4	319.20
hsp_P_7_5	319.00
hsp_P_7_6	318.57
hsp_P_7_7	317.81
hsink_P_0_0	315.62
hsink_P_0_1	316.22
hsink_P_0_2	316.61
hsink_P_0_3	316.80
hsink_P_0_4	316.80
hsink_P_0_5	316.61
hsink_P_0_6	316.22
hsink_P_0_7	315.62
hsink_P_1_0	316.22
hsink_P_1_1	316.97
hsink_P_1_2	317.45
hsink_P_1_3	317.69
hsink_P_1_4	317.69
hsink_P_1_5	317.45
hsink_P_1_6	316.97
hsink_P_1_7	316.22
hsink_P_2_0	316.61
hsink_P_2_1	317.45
hsink_P_2_2	318.00
hsink_P_2_3	318.26
hsink_P_2_4	318.26
hsink_P_2_5	318.00
hsink_P_2_6	317.45
hsink_P_2_7	316.61
hsink_P_3_0	316.80
hsink_P_3_1	317.69
hsink_P_3_2	318.26
hsink_P_3_3	318.54
hsink_P_3_4	318.54
hsink_P_3_5	318.26
hsink_P_3_6	317.69
hsink_P_3_7	316.80
hsink_P_4_0	316.80
hsink_P_4_1	317.68
hsink_P_4_2	318.26
hsink_P_4_3	318.54
hsink_P_4_4	318.54
hsink_P_4_5	318.26
hsink_P_4_6	317.69
hsink_P_4_7	316.80
hsink_P_5_0	316.61
hsink_P_5_1	317.45
hsink_P_5_2	317.99
hsink_P_5_3	318.26
hsink_P_5_4	318.26
hsink_P_5_5	317.99
hsink_P_5_6	317.45
hsink_P_5_7	316.61
hsink_P_6_0	316.22
hsink_P_6_1	316.97
hsink_P_6_2	317.45
hsink_P_6_3	317.68
hsink_P_6_4	317.68
hsink_P_6_5	317.45
hsink_P_6_6	316.97
hsink_P_6_7	316.22
hsink_P_7_0	315.62
hsink_P_7_1	316.22
hsink_P_7_2	316.61
hsink_P_7_3	316.80
hsink_P_7_4	316.80
hsink_P_7_5	316.61
hsink_P_7_6	316.22
hsink_P_7_7	315.62
inode_0	313.07
inode_1	313.07
inode_2	313.07
inode_3	313.07
inode_4	312.99
inode_5	312.99
inode_6	312.99
inode_7	312.99
inode_8	309.93
inode_9	309.93
inode_10	309.93
inode_11	309.93
update timer time is 699999
hotspot -c hotspot.config -init_file NOC_8_8.steady -f noc_8_8.flp -p NOC_8_8.ptrace -steady_file NOC_8_8.steady -model_type grid
start to command 2: 
Unit	Steady(Kelvin)
P_0_0	318.13
P_0_1	320.31
P_0_2	323.07
P_0_3	323.33
P_0_4	323.26
P_0_5	320.95
P_0_6	321.60
P_0_7	320.42
P_1_0	321.44
P_1_1	321.31
P_1_2	323.90
P_1_3	324.11
P_1_4	324.01
P_1_5	321.87
P_1_6	322.28
P_1_7	321.04
P_2_0	322.65
P_2_1	321.76
P_2_2	324.16
P_2_3	324.68
P_2_4	324.44
P_2_5	322.33
P_2_6	323.41
P_2_7	321.60
P_3_0	323.02
P_3_1	322.11
P_3_2	324.49
P_3_3	325.21
P_3_4	324.49
P_3_5	322.41
P_3_6	323.73
P_3_7	323.18
P_4_0	322.44
P_4_1	323.62
P_4_2	323.96
P_4_3	324.87
P_4_4	324.56
P_4_5	322.43
P_4_6	323.64
P_4_7	322.51
P_5_0	321.72
P_5_1	320.99
P_5_2	323.95
P_5_3	324.48
P_5_4	323.74
P_5_5	323.06
P_5_6	322.62
P_5_7	321.46
P_6_0	320.71
P_6_1	319.96
P_6_2	322.62
P_6_3	323.08
P_6_4	322.92
P_6_5	320.69
P_6_6	321.31
P_6_7	320.51
P_7_0	320.06
P_7_1	318.90
P_7_2	321.77
P_7_3	322.15
P_7_4	321.90
P_7_5	319.11
P_7_6	320.23
P_7_7	317.08
iface_P_0_0	317.13
iface_P_0_1	319.00
iface_P_0_2	321.29
iface_P_0_3	321.55
iface_P_0_4	321.48
iface_P_0_5	319.61
iface_P_0_6	320.03
iface_P_0_7	318.96
iface_P_1_0	319.88
iface_P_1_1	319.97
iface_P_1_2	322.13
iface_P_1_3	322.36
iface_P_1_4	322.27
iface_P_1_5	320.52
iface_P_1_6	320.73
iface_P_1_7	319.59
iface_P_2_0	320.94
iface_P_2_1	320.44
iface_P_2_2	322.44
iface_P_2_3	322.92
iface_P_2_4	322.71
iface_P_2_5	320.98
iface_P_2_6	321.72
iface_P_2_7	320.12
iface_P_3_0	321.27
iface_P_3_1	320.75
iface_P_3_2	322.75
iface_P_3_3	323.38
iface_P_3_4	322.80
iface_P_3_5	321.10
iface_P_3_6	322.02
iface_P_3_7	321.40
iface_P_4_0	320.80
iface_P_4_1	321.92
iface_P_4_2	322.32
iface_P_4_3	323.10
iface_P_4_4	322.84
iface_P_4_5	321.10
iface_P_4_6	321.93
iface_P_4_7	320.86
iface_P_5_0	320.18
iface_P_5_1	319.79
iface_P_5_2	322.23
iface_P_5_3	322.72
iface_P_5_4	322.13
iface_P_5_5	321.52
iface_P_5_6	321.06
iface_P_5_7	319.97
iface_P_6_0	319.28
iface_P_6_1	318.85
iface_P_6_2	321.06
iface_P_6_3	321.49
iface_P_6_4	321.34
iface_P_6_5	319.52
iface_P_6_6	319.90
iface_P_6_7	319.10
iface_P_7_0	318.62
iface_P_7_1	317.85
iface_P_7_2	320.19
iface_P_7_3	320.55
iface_P_7_4	320.33
iface_P_7_5	318.08
iface_P_7_6	318.86
iface_P_7_7	316.25
hsp_P_0_0	313.81
hsp_P_0_1	314.66
hsp_P_0_2	315.36
hsp_P_0_3	315.64
hsp_P_0_4	315.56
hsp_P_0_5	315.15
hsp_P_0_6	314.79
hsp_P_0_7	314.11
hsp_P_1_0	314.70
hsp_P_1_1	315.51
hsp_P_1_2	316.23
hsp_P_1_3	316.53
hsp_P_1_4	316.45
hsp_P_1_5	316.01
hsp_P_1_6	315.57
hsp_P_1_7	314.75
hsp_P_2_0	315.23
hsp_P_2_1	316.00
hsp_P_2_2	316.72
hsp_P_2_3	317.05
hsp_P_2_4	316.95
hsp_P_2_5	316.50
hsp_P_2_6	316.07
hsp_P_2_7	315.18
hsp_P_3_0	315.44
hsp_P_3_1	316.24
hsp_P_3_2	316.94
hsp_P_3_3	317.28
hsp_P_3_4	317.15
hsp_P_3_5	316.71
hsp_P_3_6	316.31
hsp_P_3_7	315.46
hsp_P_4_0	315.36
hsp_P_4_1	316.26
hsp_P_4_2	316.87
hsp_P_4_3	317.20
hsp_P_4_4	317.10
hsp_P_4_5	316.67
hsp_P_4_6	316.24
hsp_P_4_7	315.37
hsp_P_5_0	315.03
hsp_P_5_1	315.80
hsp_P_5_2	316.53
hsp_P_5_3	316.85
hsp_P_5_4	316.74
hsp_P_5_5	316.37
hsp_P_5_6	315.87
hsp_P_5_7	315.01
hsp_P_6_0	314.52
hsp_P_6_1	315.18
hsp_P_6_2	315.87
hsp_P_6_3	316.17
hsp_P_6_4	316.07
hsp_P_6_5	315.63
hsp_P_6_6	315.20
hsp_P_6_7	314.42
hsp_P_7_0	313.84
hsp_P_7_1	314.35
hsp_P_7_2	314.95
hsp_P_7_3	315.21
hsp_P_7_4	315.10
hsp_P_7_5	314.65
hsp_P_7_6	314.28
hsp_P_7_7	313.49
hsink_P_0_0	312.37
hsink_P_0_1	312.90
hsink_P_0_2	313.27
hsink_P_0_3	313.45
hsink_P_0_4	313.44
hsink_P_0_5	313.25
hsink_P_0_6	312.91
hsink_P_0_7	312.39
hsink_P_1_0	312.88
hsink_P_1_1	313.53
hsink_P_1_2	313.97
hsink_P_1_3	314.18
hsink_P_1_4	314.17
hsink_P_1_5	313.94
hsink_P_1_6	313.52
hsink_P_1_7	312.88
hsink_P_2_0	313.21
hsink_P_2_1	313.93
hsink_P_2_2	314.41
hsink_P_2_3	314.65
hsink_P_2_4	314.63
hsink_P_2_5	314.38
hsink_P_2_6	313.91
hsink_P_2_7	313.20
hsink_P_3_0	313.37
hsink_P_3_1	314.11
hsink_P_3_2	314.61
hsink_P_3_3	314.86
hsink_P_3_4	314.84
hsink_P_3_5	314.58
hsink_P_3_6	314.09
hsink_P_3_7	313.35
hsink_P_4_0	313.34
hsink_P_4_1	314.08
hsink_P_4_2	314.58
hsink_P_4_3	314.82
hsink_P_4_4	314.80
hsink_P_4_5	314.54
hsink_P_4_6	314.05
hsink_P_4_7	313.32
hsink_P_5_0	313.14
hsink_P_5_1	313.83
hsink_P_5_2	314.30
hsink_P_5_3	314.53
hsink_P_5_4	314.51
hsink_P_5_5	314.26
hsink_P_5_6	313.80
hsink_P_5_7	313.11
hsink_P_6_0	312.78
hsink_P_6_1	313.39
hsink_P_6_2	313.80
hsink_P_6_3	314.01
hsink_P_6_4	313.98
hsink_P_6_5	313.76
hsink_P_6_6	313.34
hsink_P_6_7	312.73
hsink_P_7_0	312.26
hsink_P_7_1	312.74
hsink_P_7_2	313.08
hsink_P_7_3	313.24
hsink_P_7_4	313.22
hsink_P_7_5	313.03
hsink_P_7_6	312.69
hsink_P_7_7	312.20
inode_0	310.27
inode_1	310.25
inode_2	310.16
inode_3	310.34
inode_4	310.21
inode_5	310.20
inode_6	310.10
inode_7	310.28
inode_8	307.73
inode_9	307.71
inode_10	307.64
inode_11	307.78
SystemC: simulation stopped by user.
710668 ns  succeeded
